This is pdfTeX, Version 3.1415926-1.40.11 (TeX Live 2010/Arch Linux) (format=latex 2010.11.9)  9 NOV 2010 23:36
entering extended mode
 restricted \write18 enabled.
 %&-line parsing enabled.
**ceaser.py -y
(./ceaser.py
LaTeX2e <2009/09/24>
Babel <v3.8l> and hyphenation patterns for english, dumylang, nohyphenation, ge
rman-x-2009-06-19, ngerman-x-2009-06-19, afrikaans, ancientgreek, ibycus, arabi
c, armenian, basque, bulgarian, catalan, pinyin, coptic, croatian, czech, danis
h, dutch, ukenglish, usenglishmax, esperanto, estonian, farsi, finnish, french,
 galician, german, ngerman, swissgerman, monogreek, greek, hungarian, icelandic
, assamese, bengali, gujarati, hindi, kannada, malayalam, marathi, oriya, panja
bi, tamil, telugu, indonesian, interlingua, irish, italian, kurmanji, lao, lati
n, latvian, lithuanian, mongolian, mongolianlmc, bokmal, nynorsk, polish, portu
guese, romanian, russian, sanskrit, serbian, slovak, slovenian, spanish, swedis
h, turkish, turkmen, ukrainian, uppersorbian, welsh, loaded.
! You can't use `macro parameter character #' in vertical mode.
l.1 #
     ##THIS IS DANIEL'S CODE AND IT WORKS YEAAAAAAAAAAAH
? 
! Interruption.
<to be read again> 
                   ##
l.1 ##
      #THIS IS DANIEL'S CODE AND IT WORKS YEAAAAAAAAAAAH
? 
! You can't use `macro parameter character #' in vertical mode.
<recently read> ##
                  
l.1 ##
      #THIS IS DANIEL'S CODE AND IT WORKS YEAAAAAAAAAAAH
? 
! You can't use `macro parameter character #' in vertical mode.
l.1 ###
       THIS IS DANIEL'S CODE AND IT WORKS YEAAAAAAAAAAAH
? ;q
Type <return> to proceed, S to scroll future error messages,
R to run without stopping, Q to run quietly,
I to insert something, E to edit your file,
1 or ... or 9 to ignore the next 1 to 9 tokens of input,
H for help, X to quit.
? x
 
Here is how much of TeX's memory you used:
 6 strings out of 493739
 134 string characters out of 3148820
 49081 words of memory out of 3000000
 3398 multiletter control sequences out of 15000+200000
 3640 words of font info for 14 fonts, out of 3000000 for 9000
 714 hyphenation exceptions out of 8191
 5i,0n,1p,70b,8s stack positions out of 5000i,500n,10000p,200000b,50000s
No pages of output.
