This is pdfTeX, Version 3.1415926-1.40.11 (TeX Live 2010/Arch Linux) (format=latex 2010.11.9)  17 NOV 2010 01:33
entering extended mode
 restricted \write18 enabled.
 %&-line parsing enabled.
**grid_display.py -y
(./grid_display.py
LaTeX2e <2009/09/24>
Babel <v3.8l> and hyphenation patterns for english, dumylang, nohyphenation, ge
rman-x-2009-06-19, ngerman-x-2009-06-19, afrikaans, ancientgreek, ibycus, arabi
c, armenian, basque, bulgarian, catalan, pinyin, coptic, croatian, czech, danis
h, dutch, ukenglish, usenglishmax, esperanto, estonian, farsi, finnish, french,
 galician, german, ngerman, swissgerman, monogreek, greek, hungarian, icelandic
, assamese, bengali, gujarati, hindi, kannada, malayalam, marathi, oriya, panja
bi, tamil, telugu, indonesian, interlingua, irish, italian, kurmanji, lao, lati
n, latvian, lithuanian, mongolian, mongolianlmc, bokmal, nynorsk, polish, portu
guese, romanian, russian, sanskrit, serbian, slovak, slovenian, spanish, swedis
h, turkish, turkmen, ukrainian, uppersorbian, welsh, loaded.
! You can't use `macro parameter character #' in vertical mode.
l.1 #
     #
? 
! Interruption.
<to be read again> 
                   ##
l.1 ##
      
? 
! You can't use `macro parameter character #' in vertical mode.
<recently read> ##
                  
l.1 ##
      
? 
! You can't use `macro parameter character #' in vertical mode.
l.2 #
     # grid_display.py
? 
! Interruption.
<to be read again> 
                   ##
l.2 ##
       grid_display.py
? exit
 
Here is how much of TeX's memory you used:
 6 strings out of 493739
 158 string characters out of 3148820
 49081 words of memory out of 3000000
 3398 multiletter control sequences out of 15000+200000
 3640 words of font info for 14 fonts, out of 3000000 for 9000
 714 hyphenation exceptions out of 8191
 5i,0n,1p,44b,8s stack positions out of 5000i,500n,10000p,200000b,50000s
No pages of output.
